<?xml version="1.0" encoding="UTF-8"?>
<!-- Generated by org.testng.reporters.JUnitReportReporter -->
<testsuite hostname="DESKTOP-SKDRLNI" failures="0" tests="2" name="qacilckaacademy.SeleniumTest" time="0.000" errors="0" timestamp="2022-08-07T18:22:18 CEST" skipped="0">
  <testcase classname="qacilckaacademy.SeleniumTest" name="elementsUI" time="0.000"/>
  <system-out/>
  <testcase classname="qacilckaacademy.SeleniumTest" name="BrowserAutomation" time="0.000"/>
  <system-out/>
</testsuite> <!-- qacilckaacademy.SeleniumTest -->
