<?xml version="1.0" encoding="UTF-8"?>
<!-- Generated by org.testng.reporters.JUnitReportReporter -->
<testsuite hostname="DESKTOP-SKDRLNI" failures="0" tests="2" name="qacilckaacademy.AppiumTest" time="0.000" errors="0" timestamp="2022-08-07T18:22:18 CEST" skipped="0">
  <testcase classname="qacilckaacademy.AppiumTest" name="deleteTvitter" time="0.000"/>
  <system-out/>
  <testcase classname="qacilckaacademy.AppiumTest" name="PostJira" time="0.000"/>
  <system-out/>
</testsuite> <!-- qacilckaacademy.AppiumTest -->
